diff --git a/Makefile.in b/Makefile.in
index ebc8967..3e68e99 100644
--- a/Makefile.in
+++ b/Makefile.in
@@ -424,7 +424,6 @@ pdfdir = @pdfdir@
 prefix = @prefix@
 program_transform_name = @program_transform_name@
 psdir = @psdir@
-runstatedir = @runstatedir@
 sbindir = @sbindir@
 sharedstatedir = @sharedstatedir@
 srcdir = @srcdir@
@@ -467,7 +466,7 @@ create_llvm_prof_SOURCES = $(COMMON_PROFILE_CREATOR_FILES) \
 create_llvm_prof_LDADD = $(LLVM_LDFLAGS) libquipper.a libglog.a libsymbolize.a \
                          libgflags.a
 
-create_llvm_prof_CXXFLAGS = $(LLVM_CXXFLAGS)
+create_llvm_prof_CXXFLAGS = $(LLVM_CXXFLAGS) -DCREATE_LLVM_PROF
 noinst_LIBRARIES = libquipper.a libglog.a libgflags.a libsymbolize.a
 libquipper_a_SOURCES = chromiumos-wide-profiling/address_mapper.cc chromiumos-wide-profiling/perf_reader.cc \
                        chromiumos-wide-profiling/perf_parser.cc chromiumos-wide-profiling/utils.cc \
diff --git a/configure b/configure
index db618a8..ddb169e 100755
--- a/configure
+++ b/configure
@@ -721,7 +721,6 @@ infodir
 docdir
 oldincludedir
 includedir
-runstatedir
 localstatedir
 sharedstatedir
 sysconfdir
@@ -799,7 +798,6 @@ datadir='${datarootdir}'
 sysconfdir='${prefix}/etc'
 sharedstatedir='${prefix}/com'
 localstatedir='${prefix}/var'
-runstatedir='${localstatedir}/run'
 includedir='${prefix}/include'
 oldincludedir='/usr/include'
 docdir='${datarootdir}/doc/${PACKAGE_TARNAME}'
@@ -1052,15 +1050,6 @@ do
   | -silent | --silent | --silen | --sile | --sil)
     silent=yes ;;
 
-  -runstatedir | --runstatedir | --runstatedi | --runstated \
-  | --runstate | --runstat | --runsta | --runst | --runs \
-  | --run | --ru | --r)
-    ac_prev=runstatedir ;;
-  -runstatedir=* | --runstatedir=* | --runstatedi=* | --runstated=* \
-  | --runstate=* | --runstat=* | --runsta=* | --runst=* | --runs=* \
-  | --run=* | --ru=* | --r=*)
-    runstatedir=$ac_optarg ;;
-
   -sbindir | --sbindir | --sbindi | --sbind | --sbin | --sbi | --sb)
     ac_prev=sbindir ;;
   -sbindir=* | --sbindir=* | --sbindi=* | --sbind=* | --sbin=* \
@@ -1198,7 +1187,7 @@ fi
 for ac_var in	exec_prefix prefix bindir sbindir libexecdir datarootdir \
 		datadir sysconfdir sharedstatedir localstatedir includedir \
 		oldincludedir docdir infodir htmldir dvidir pdfdir psdir \
-		libdir localedir mandir runstatedir
+		libdir localedir mandir
 do
   eval ac_val=\$$ac_var
   # Remove trailing slashes.
@@ -1351,7 +1340,6 @@ Fine tuning of the installation directories:
   --sysconfdir=DIR        read-only single-machine data [PREFIX/etc]
   --sharedstatedir=DIR    modifiable architecture-independent data [PREFIX/com]
   --localstatedir=DIR     modifiable single-machine data [PREFIX/var]
-  --runstatedir=DIR       modifiable per-process data [LOCALSTATEDIR/run]
   --libdir=DIR            object code libraries [EPREFIX/lib]
   --includedir=DIR        C header files [PREFIX/include]
   --oldincludedir=DIR     C header files for non-gcc [/usr/include]
