checking for a BSD-compatible install... /usr/bin/install -c
checking whether build environment is sane... yes
checking for a thread-safe mkdir -p... /bin/mkdir -p
checking for gawk... gawk
checking whether make sets $(MAKE)... yes
checking whether make supports nested variables... yes
checking for g++... g++
checking whether the C++ compiler works... yes
checking for C++ compiler default output file name... a.out
checking for suffix of executables... 
checking whether we are cross compiling... no
checking for suffix of object files... o
checking whether we are using the GNU C++ compiler... yes
checking whether g++ accepts -g... yes
checking for style of include used by make... GNU
checking dependency style of g++... gcc3
checking for gcc... gcc
checking whether we are using the GNU C compiler... yes
checking whether gcc accepts -g... yes
checking for gcc option to accept ISO C89... none needed
checking whether gcc understands -c and -o together... yes
checking dependency style of gcc... gcc3
checking for ranlib... ranlib
checking whether g++ supports C++11 features by default... no
checking whether g++ supports C++11 features with -std=gnu++11... yes
checking whether we can compile and link with llvm(ProfileData)... yes
configure: Using shared LLVM libraries.  Setting -rpath to /usr/lib64.
checking for MD5 in -lcrypto... yes
checking for gzopen in -lz... yes
checking how to run the C preprocessor... gcc -E
checking for grep that handles long lines and -e... /bin/grep
checking for egrep... /bin/grep -E
checking for ANSI C header files... yes
checking for sys/types.h... yes
checking for sys/stat.h... yes
checking for stdlib.h... yes
checking for string.h... yes
checking for memory.h... yes
checking for strings.h... yes
checking for inttypes.h... yes
checking for stdint.h... yes
checking for unistd.h... yes
checking for stdint.h... (cached) yes
checking for sys/types.h... (cached) yes
checking for inttypes.h... (cached) yes
checking for unistd.h... (cached) yes
checking syscall.h usability... yes
checking syscall.h presence... yes
checking for syscall.h... yes
checking sys/syscall.h usability... yes
checking sys/syscall.h presence... yes
checking for sys/syscall.h... yes
checking execinfo.h usability... yes
checking execinfo.h presence... yes
checking for execinfo.h... yes
checking libunwind.h usability... yes
checking libunwind.h presence... yes
checking for libunwind.h... yes
checking ucontext.h usability... yes
checking ucontext.h presence... yes
checking for ucontext.h... yes
checking sys/utsname.h usability... yes
checking sys/utsname.h presence... yes
checking for sys/utsname.h... yes
checking pwd.h usability... yes
checking pwd.h presence... yes
checking for pwd.h... yes
checking syslog.h usability... yes
checking syslog.h presence... yes
checking for syslog.h... yes
checking sys/time.h usability... yes
checking sys/time.h presence... yes
checking for sys/time.h... yes
checking glob.h usability... yes
checking glob.h presence... yes
checking for glob.h... yes
checking unwind.h usability... yes
checking unwind.h presence... yes
checking for unwind.h... yes
checking size of void *... 8
checking for uint16_t... yes
checking for u_int16_t... yes
checking for __uint16... no
checking whether the compiler implements namespaces... yes
checking what namespace STL code is in... std
checking that generated files are newer than configure... done
configure: creating ./config.status
config.status: creating Makefile
config.status: creating glog/src/glog/logging.h
config.status: creating glog/src/glog/raw_logging.h
config.status: creating glog/src/glog/vlog_is_on.h
config.status: creating glog/src/glog/stl_logging.h
config.status: creating config.h
config.status: creating glog/src/config.h
config.status: executing depfiles commands
